{"numFailedTestSuites":0,"numFailedTests":0,"numPassedTestSuites":2,"numPassedTests":3,"numPendingTestSuites":0,"numPendingTests":0,"numRuntimeErrorTestSuites":0,"numTodoTests":0,"numTotalTestSuites":2,"numTotalTests":3,"openHandles":[],"snapshot":{"added":0,"didUpdate":false,"failure":false,"filesAdded":0,"filesRemoved":0,"filesRemovedList":[],"filesUnmatched":0,"filesUpdated":0,"matched":0,"total":0,"unchecked":0,"uncheckedKeysByFile":[],"unmatched":0,"updated":0},"startTime":1671143647938,"success":true,"testResults":[{"assertionResults":[{"ancestorTitles":["Breadcrumbs"],"duration":36,"failureMessages":[],"fullName":"Breadcrumbs All crumbs are rendered","location":null,"status":"passed","title":"All crumbs are rendered"},{"ancestorTitles":["Breadcrumbs"],"duration":10,"failureMessages":[],"fullName":"Breadcrumbs Last crumb should indicate current page location","location":null,"status":"passed","title":"Last crumb should indicate current page location"}],"endTime":1671143648557,"message":"","name":"/home/tym/Projects/1-timz.dev/src/components/Breadcrumbs/Breadcrumbs.test.tsx","startTime":1671143648217,"status":"passed","summary":""},{"assertionResults":[{"ancestorTitles":["a"],"duration":9,"failureMessages":[],"fullName":"a that it works","location":null,"status":"passed","title":"that it works"}],"endTime":1671143648722,"message":"","name":"/home/tym/Projects/1-timz.dev/src/components/SampleComponent/SampleComponent.test.tsx","startTime":1671143648570,"status":"passed","summary":""}],"wasInterrupted":false}