{"numFailedTestSuites":0,"numFailedTests":0,"numPassedTestSuites":2,"numPassedTests":3,"numPendingTestSuites":0,"numPendingTests":0,"numRuntimeErrorTestSuites":0,"numTodoTests":0,"numTotalTestSuites":2,"numTotalTests":3,"openHandles":[],"snapshot":{"added":0,"didUpdate":false,"failure":false,"filesAdded":0,"filesRemoved":0,"filesRemovedList":[],"filesUnmatched":0,"filesUpdated":0,"matched":0,"total":0,"unchecked":0,"uncheckedKeysByFile":[],"unmatched":0,"updated":0},"startTime":1655952507179,"success":true,"testResults":[{"assertionResults":[{"ancestorTitles":["Breadcrumbs"],"duration":36,"failureMessages":[],"fullName":"Breadcrumbs All crumbs are rendered","location":null,"status":"passed","title":"All crumbs are rendered"},{"ancestorTitles":["Breadcrumbs"],"duration":5,"failureMessages":[],"fullName":"Breadcrumbs Last crumb should indicate current page location","location":null,"status":"passed","title":"Last crumb should indicate current page location"}],"endTime":1655952507798,"message":"","name":"/home/tim/Projects/timz.dev/src/components/Breadcrumbs/Breadcrumbs.test.tsx","startTime":1655952507478,"status":"passed","summary":""},{"assertionResults":[{"ancestorTitles":["a"],"duration":3,"failureMessages":[],"fullName":"a that it works","location":null,"status":"passed","title":"that it works"}],"endTime":1655952507883,"message":"","name":"/home/tim/Projects/timz.dev/src/components/SampleComponent/SampleComponent.test.tsx","startTime":1655952507810,"status":"passed","summary":""}],"wasInterrupted":false}